Using pre-set license
Built from '2021.3/staging' branch; Version is '2021.3.4f1 (cb45f9cae8b7) revision 13321721'; Using compiler version '192829333'; Build Type 'Release'
OS: 'Windows 10  (10.0.19044) 64bit Professional' Language: 'ko' Physical Memory: 32675 MB
BatchMode: 1, IsHumanControllingUs: 0, StartBugReporterOnCrash: 0, Is64bit: 1, IsPro: 1

COMMAND LINE ARGUMENTS:
C:\Program Files\Unity\Hub\Editor\2021.3.4f1\Editor\Unity.exe
-adb2
-batchMode
-noUpm
-name
AssetImportWorker0
-projectPath
D:/VisualNovel
-logFile
Logs/AssetImportWorker0.log
-srvPort
14690
Successfully changed project path to: D:/VisualNovel
D:/VisualNovel
[UnityMemory] Configuration Parameters - Can be set up in boot.config
    "memorysetup-bucket-allocator-granularity=16"
    "memorysetup-bucket-allocator-bucket-count=8"
    "memorysetup-bucket-allocator-block-size=33554432"
    "memorysetup-bucket-allocator-block-count=8"
    "memorysetup-main-allocator-block-size=16777216"
    "memorysetup-thread-allocator-block-size=16777216"
    "memorysetup-gfx-main-allocator-block-size=16777216"
    "memorysetup-gfx-thread-allocator-block-size=16777216"
    "memorysetup-cache-allocator-block-size=4194304"
    "memorysetup-typetree-allocator-block-size=2097152"
    "memorysetup-profiler-bucket-allocator-granularity=16"
    "memorysetup-profiler-bucket-allocator-bucket-count=8"
    "memorysetup-profiler-bucket-allocator-block-size=33554432"
    "memorysetup-profiler-bucket-allocator-block-count=8"
    "memorysetup-profiler-allocator-block-size=16777216"
    "memorysetup-profiler-editor-allocator-block-size=1048576"
    "memorysetup-temp-allocator-size-main=16777216"
    "memorysetup-job-temp-allocator-block-size=2097152"
    "memorysetup-job-temp-allocator-block-size-background=1048576"
    "memorysetup-job-temp-allocator-reduction-small-platforms=262144"
    "memorysetup-temp-allocator-size-background-worker=32768"
    "memorysetup-temp-allocator-size-job-worker=262144"
    "memorysetup-temp-allocator-size-preload-manager=33554432"
    "memorysetup-temp-allocator-size-nav-mesh-worker=65536"
    "memorysetup-temp-allocator-size-audio-worker=65536"
    "memorysetup-temp-allocator-size-cloud-worker=32768"
    "memorysetup-temp-allocator-size-gi-baking-worker=262144"
    "memorysetup-temp-allocator-size-gfx=262144"
Refreshing native plugins compatible for Editor in 66.91 ms, found 4 plugins.
Preloading 0 native plugins for Editor in 0.00 ms.
Initialize engine version: 2021.3.4f1 (cb45f9cae8b7)
[Subsystems] Discovering subsystems at path C:/Program Files/Unity/Hub/Editor/2021.3.4f1/Editor/Data/Resources/UnitySubsystems
[Subsystems] Discovering subsystems at path D:/VisualNovel/Assets
GfxDevice: creating device client; threaded=0; jobified=0
Direct3D:
    Version:  Direct3D 11.0 [level 11.1]
    Renderer: NVIDIA GeForce RTX 3070 (ID=0x2488)
    Vendor:   NVIDIA
    VRAM:     8043 MB
    Driver:   30.0.15.1296
Initialize mono
Mono path[0] = 'C:/Program Files/Unity/Hub/Editor/2021.3.4f1/Editor/Data/Managed'
Mono path[1] = 'C:/Program Files/Unity/Hub/Editor/2021.3.4f1/Editor/Data/MonoBleedingEdge/lib/mono/unityjit-win32'
Mono config path = 'C:/Program Files/Unity/Hub/Editor/2021.3.4f1/Editor/Data/MonoBleedingEdge/etc'
Using monoOptions --debugger-agent=transport=dt_socket,embedding=1,server=y,suspend=n,address=127.0.0.1:56496
Begin MonoManager ReloadAssembly
Registering precompiled unity dll's ...
Register platform support module: C:/Program Files/Unity/Hub/Editor/2021.3.4f1/Editor/Data/PlaybackEngines/WindowsStandaloneSupport/UnityEditor.WindowsStandalone.Extensions.dll
Registered in 0.009183 seconds.
Native extension for WindowsStandalone target not found
Refreshing native plugins compatible for Editor in 64.85 ms, found 4 plugins.
Preloading 0 native plugins for Editor in 0.00 ms.
Mono: successfully reloaded assembly
- Completed reload, in  0.454 seconds
Domain Reload Profiling:
	ReloadAssembly (455ms)
		BeginReloadAssembly (68ms)
			ExecutionOrderSort (0ms)
			DisableScriptedObjects (0ms)
			BackupInstance (0ms)
			ReleaseScriptingObjects (0ms)
			CreateAndSetChildDomain (1ms)
		EndReloadAssembly (302ms)
			LoadAssemblies (65ms)
			RebuildTransferFunctionScriptingTraits (0ms)
			SetupTypeCache (65ms)
			ReleaseScriptCaches (0ms)
			RebuildScriptCaches (16ms)
			SetupLoadedEditorAssemblies (184ms)
				LogAssemblyErrors (0ms)
				InitializePlatformSupportModulesInManaged (6ms)
				SetLoadedEditorAssemblies (0ms)
				RefreshPlugins (65ms)
				BeforeProcessingInitializeOnLoad (1ms)
				ProcessInitializeOnLoadAttributes (81ms)
				ProcessInitializeOnLoadMethodAttributes (31ms)
				AfterProcessingInitializeOnLoad (0ms)
				EditorAssembliesLoaded (0ms)
			ExecutionOrderSort2 (0ms)
			AwakeInstancesAfterBackupRestoration (0ms)
Platform modules already initialized, skipping
Registering precompiled user dll's ...
Registered in 0.007989 seconds.
Begin MonoManager ReloadAssembly
Symbol file LoadedFromMemory doesn't match image D:\VisualNovel\Library\PackageCache\com.unity.visualscripting@1.7.8\Editor\VisualScripting.Core\Dependencies\YamlDotNet\Unity.VisualScripting.YamlDotNet.dll
Symbol file LoadedFromMemory doesn't match image D:\VisualNovel\Library\PackageCache\com.unity.visualscripting@1.7.8\Editor\VisualScripting.Core\Dependencies\DotNetZip\Unity.VisualScripting.IonicZip.dll
Native extension for WindowsStandalone target not found
Refreshing native plugins compatible for Editor in 65.18 ms, found 4 plugins.
Preloading 0 native plugins for Editor in 0.00 ms.
Mono: successfully reloaded assembly
- Completed reload, in  0.792 seconds
Domain Reload Profiling:
	ReloadAssembly (792ms)
		BeginReloadAssembly (93ms)
			ExecutionOrderSort (0ms)
			DisableScriptedObjects (4ms)
			BackupInstance (0ms)
			ReleaseScriptingObjects (0ms)
			CreateAndSetChildDomain (14ms)
		EndReloadAssembly (613ms)
			LoadAssemblies (81ms)
			RebuildTransferFunctionScriptingTraits (0ms)
			SetupTypeCache (152ms)
			ReleaseScriptCaches (0ms)
			RebuildScriptCaches (32ms)
			SetupLoadedEditorAssemblies (333ms)
				LogAssemblyErrors (0ms)
				InitializePlatformSupportModulesInManaged (5ms)
				SetLoadedEditorAssemblies (0ms)
				RefreshPlugins (65ms)
				BeforeProcessingInitializeOnLoad (74ms)
				ProcessInitializeOnLoadAttributes (148ms)
				ProcessInitializeOnLoadMethodAttributes (30ms)
				AfterProcessingInitializeOnLoad (10ms)
				EditorAssembliesLoaded (0ms)
			ExecutionOrderSort2 (0ms)
			AwakeInstancesAfterBackupRestoration (4ms)
Platform modules already initialized, skipping
========================================================================
Worker process is ready to serve import requests
Launched and connected shader compiler UnityShaderCompiler.exe after 0.03 seconds
Refreshing native plugins compatible for Editor in 0.63 ms, found 4 plugins.
Preloading 0 native plugins for Editor in 0.00 ms.
Unloading 4071 Unused Serialized files (Serialized files now loaded: 0)
Unloading 38 unused Assets / (55.3 KB). Loaded Objects now: 4527.
Memory consumption went from 153.1 MB to 153.1 MB.
Total: 2.475500 ms (FindLiveObjects: 0.197000 ms CreateObjectMapping: 0.083100 ms MarkObjects: 2.138800 ms  DeleteObjects: 0.056000 ms)

AssetImportParameters requested are different than current active one (requested -> active):
  custom:video-decoder-ogg-theora: a1e56fd34408186e4bbccfd4996cb3dc -> 
  custom:container-muxer-webm: aa71ff27fc2769a1b78a27578f13a17b -> 
  custom:container-demuxer-webm: 4f35f7cbe854078d1ac9338744f61a02 -> 
  custom:video-encoder-webm-vp8: eb34c28f22e8b96e1ab97ce403110664 -> 
  custom:audio-encoder-webm-vorbis: bf7c407c2cedff20999df2af8eb42d56 -> 
  custom:framework-win-MediaFoundation: 216162199b28c13a410421893ffa2e32 -> 
  custom:container-demuxer-ogg: 62fdf1f143b41e24485cea50d1cbac27 -> 
  custom:video-decoder-webm-vp8: 9c59270c3fd7afecdb556c50c9e8de78 -> 
  custom:audio-decoder-ogg-vorbis: bf7c407c2cedff20999df2af8eb42d56 -> 
========================================================================
Received Import Request.
  Time since last request: 9853.428469 seconds.
  path: Assets/Font/EF_Diary SDF.asset
  artifactKey: Guid(e4cdc169e94a9014d9a5aa80f6ec2955) Importer(815301076,1909f56bfc062723c751e8b465ee728b)
Start importing Assets/Font/EF_Diary SDF.asset using Guid(e4cdc169e94a9014d9a5aa80f6ec2955) Importer(815301076,1909f56bfc062723c751e8b465ee728b)  -> (artifact id: '5afd33730b2a85a09129c76773e34c6c') in 0.099413 seconds 
========================================================================
Received Import Request.
  Time since last request: 0.000013 seconds.
  path: Assets/Font
  artifactKey: Guid(75fa79862cd322e4595cf6578e57dc86) Importer(815301076,1909f56bfc062723c751e8b465ee728b)
Start importing Assets/Font using Guid(75fa79862cd322e4595cf6578e57dc86) Importer(815301076,1909f56bfc062723c751e8b465ee728b)  -> (artifact id: '7e2defe4a33a19c656b875bfe78432fb') in 0.001675 seconds 
========================================================================
Received Import Request.
  Time since last request: 11.756121 seconds.
  path: Assets/Font/EF_Diary SDF.asset
  artifactKey: Guid(e4cdc169e94a9014d9a5aa80f6ec2955) Importer(815301076,1909f56bfc062723c751e8b465ee728b)
Start importing Assets/Font/EF_Diary SDF.asset using Guid(e4cdc169e94a9014d9a5aa80f6ec2955) Importer(815301076,1909f56bfc062723c751e8b465ee728b)  -> (artifact id: 'd532516cce4169e4c7f52054d952ef02') in 0.026401 seconds 
========================================================================
Received Import Request.
  Time since last request: 150.778822 seconds.
  path: Assets/TextMesh Pro/Fonts/LiberationSans.ttf
  artifactKey: Guid(e3265ab4bf004d28a9537516768c1c75) Importer(815301076,1909f56bfc062723c751e8b465ee728b)
Start importing Assets/TextMesh Pro/Fonts/LiberationSans.ttf using Guid(e3265ab4bf004d28a9537516768c1c75) Importer(815301076,1909f56bfc062723c751e8b465ee728b)  -> (artifact id: '86e85d55384b22641579099d0f1ce7e8') in 0.025798 seconds 
========================================================================
Received Import Request.
  Time since last request: 240.599054 seconds.
  path: Assets/Font/EF_Diary.asset
  artifactKey: Guid(109565f420d108b4ab31702349dcb8ea) Importer(815301076,1909f56bfc062723c751e8b465ee728b)
Start importing Assets/Font/EF_Diary.asset using Guid(109565f420d108b4ab31702349dcb8ea) Importer(815301076,1909f56bfc062723c751e8b465ee728b)  -> (artifact id: '2d732b271c48c6580d48bd866e40fd0d') in 0.207872 seconds 
========================================================================
Received Import Request.
  Time since last request: 179.669789 seconds.
  path: Assets/Font/EF_Diary SDF.asset
  artifactKey: Guid(e4cdc169e94a9014d9a5aa80f6ec2955) Importer(815301076,1909f56bfc062723c751e8b465ee728b)
Start importing Assets/Font/EF_Diary SDF.asset using Guid(e4cdc169e94a9014d9a5aa80f6ec2955) Importer(815301076,1909f56bfc062723c751e8b465ee728b)  -> (artifact id: 'fcab1c79592cf3e402e21049b306c56d') in 0.018950 seconds 
========================================================================
Received Import Request.
  Time since last request: 8.997145 seconds.
  path: Assets/Font/EF_Diary SDF.asset
  artifactKey: Guid(e4cdc169e94a9014d9a5aa80f6ec2955) Importer(815301076,1909f56bfc062723c751e8b465ee728b)
Start importing Assets/Font/EF_Diary SDF.asset using Guid(e4cdc169e94a9014d9a5aa80f6ec2955) Importer(815301076,1909f56bfc062723c751e8b465ee728b)  -> (artifact id: '56267e27c5a54f6941c288aa9b2e5ab2') in 0.025250 seconds 
========================================================================
Received Import Request.
  Time since last request: 25.214528 seconds.
  path: Assets/Font/EF_Diary SDF.asset
  artifactKey: Guid(e4cdc169e94a9014d9a5aa80f6ec2955) Importer(815301076,1909f56bfc062723c751e8b465ee728b)
Start importing Assets/Font/EF_Diary SDF.asset using Guid(e4cdc169e94a9014d9a5aa80f6ec2955) Importer(815301076,1909f56bfc062723c751e8b465ee728b)  -> (artifact id: 'cd006c02219a3cb4175693270d95653b') in 0.018317 seconds 
========================================================================
Received Import Request.
  Time since last request: 3.366949 seconds.
  path: Assets/Scenes/TitleScene.unity
  artifactKey: Guid(2cda990e2423bbf4892e6590ba056729) Importer(815301076,1909f56bfc062723c751e8b465ee728b)
Start importing Assets/Scenes/TitleScene.unity using Guid(2cda990e2423bbf4892e6590ba056729) Importer(815301076,1909f56bfc062723c751e8b465ee728b)  -> (artifact id: '06c5071bc8efeb4a179d8d0ad3583a4e') in 0.001908 seconds 
========================================================================
Received Import Request.
  Time since last request: 0.405240 seconds.
  path: Assets/Scenes/TestScene.unity
  artifactKey: Guid(52dda979335deb14c925e70157abf9a6) Importer(815301076,1909f56bfc062723c751e8b465ee728b)
Start importing Assets/Scenes/TestScene.unity using Guid(52dda979335deb14c925e70157abf9a6) Importer(815301076,1909f56bfc062723c751e8b465ee728b)  -> (artifact id: '394427cf4a728877b9bc4e2ff08d6924') in 0.001929 seconds 
========================================================================
Received Import Request.
  Time since last request: 19.100539 seconds.
  path: Assets/Font/EF_Diary SDF.asset
  artifactKey: Guid(e4cdc169e94a9014d9a5aa80f6ec2955) Importer(815301076,1909f56bfc062723c751e8b465ee728b)
Start importing Assets/Font/EF_Diary SDF.asset using Guid(e4cdc169e94a9014d9a5aa80f6ec2955) Importer(815301076,1909f56bfc062723c751e8b465ee728b)  -> (artifact id: 'c5c2dd830e6a2f5e46e582071e5633ff') in 0.036224 seconds 
========================================================================
Received Import Request.
  Time since last request: 14.353659 seconds.
  path: Assets/Font/EF_Diary SDF.asset
  artifactKey: Guid(e4cdc169e94a9014d9a5aa80f6ec2955) Importer(815301076,1909f56bfc062723c751e8b465ee728b)
Start importing Assets/Font/EF_Diary SDF.asset using Guid(e4cdc169e94a9014d9a5aa80f6ec2955) Importer(815301076,1909f56bfc062723c751e8b465ee728b)  -> (artifact id: '15ad10ac2ced5462d6b19ff2c9bb4933') in 0.024892 seconds 
========================================================================
Received Import Request.
  Time since last request: 62.668498 seconds.
  path: Assets/Font/EF_Diary SDF.asset
  artifactKey: Guid(e4cdc169e94a9014d9a5aa80f6ec2955) Importer(815301076,1909f56bfc062723c751e8b465ee728b)
Start importing Assets/Font/EF_Diary SDF.asset using Guid(e4cdc169e94a9014d9a5aa80f6ec2955) Importer(815301076,1909f56bfc062723c751e8b465ee728b)  -> (artifact id: 'c52fd87f0c450846eea66ba5fb9e1938') in 0.018047 seconds 
========================================================================
Received Import Request.
  Time since last request: 16.003495 seconds.
  path: Assets/Scenes/TitleScene.unity
  artifactKey: Guid(2cda990e2423bbf4892e6590ba056729) Importer(815301076,1909f56bfc062723c751e8b465ee728b)
Start importing Assets/Scenes/TitleScene.unity using Guid(2cda990e2423bbf4892e6590ba056729) Importer(815301076,1909f56bfc062723c751e8b465ee728b)  -> (artifact id: '84de2eb716d8fd78e0693101c1e2a3f0') in 0.001830 seconds 
========================================================================
Received Import Request.
  Time since last request: 1.080217 seconds.
  path: Assets/Scenes/TestScene.unity
  artifactKey: Guid(52dda979335deb14c925e70157abf9a6) Importer(815301076,1909f56bfc062723c751e8b465ee728b)
Start importing Assets/Scenes/TestScene.unity using Guid(52dda979335deb14c925e70157abf9a6) Importer(815301076,1909f56bfc062723c751e8b465ee728b)  -> (artifact id: '1a645ada6acfe521f92bbb9534cff3ea') in 0.001948 seconds 
========================================================================
Received Prepare
Registering precompiled user dll's ...
Registered in 0.005457 seconds.
Begin MonoManager ReloadAssembly
Symbol file LoadedFromMemory doesn't match image D:\VisualNovel\Library\PackageCache\com.unity.visualscripting@1.7.8\Editor\VisualScripting.Core\Dependencies\YamlDotNet\Unity.VisualScripting.YamlDotNet.dll
Symbol file LoadedFromMemory doesn't match image D:\VisualNovel\Library\PackageCache\com.unity.visualscripting@1.7.8\Editor\VisualScripting.Core\Dependencies\DotNetZip\Unity.VisualScripting.IonicZip.dll
Native extension for WindowsStandalone target not found
Refreshing native plugins compatible for Editor in 0.67 ms, found 4 plugins.
Preloading 0 native plugins for Editor in 0.00 ms.
Mono: successfully reloaded assembly
- Completed reload, in  0.703 seconds
Domain Reload Profiling:
	ReloadAssembly (703ms)
		BeginReloadAssembly (114ms)
			ExecutionOrderSort (0ms)
			DisableScriptedObjects (4ms)
			BackupInstance (0ms)
			ReleaseScriptingObjects (0ms)
			CreateAndSetChildDomain (29ms)
		EndReloadAssembly (516ms)
			LoadAssemblies (82ms)
			RebuildTransferFunctionScriptingTraits (0ms)
			SetupTypeCache (152ms)
			ReleaseScriptCaches (1ms)
			RebuildScriptCaches (27ms)
			SetupLoadedEditorAssemblies (239ms)
				LogAssemblyErrors (0ms)
				InitializePlatformSupportModulesInManaged (10ms)
				SetLoadedEditorAssemblies (0ms)
				RefreshPlugins (1ms)
				BeforeProcessingInitializeOnLoad (56ms)
				ProcessInitializeOnLoadAttributes (133ms)
				ProcessInitializeOnLoadMethodAttributes (27ms)
				AfterProcessingInitializeOnLoad (11ms)
				EditorAssembliesLoaded (0ms)
			ExecutionOrderSort2 (0ms)
			AwakeInstancesAfterBackupRestoration (7ms)
Platform modules already initialized, skipping
Refreshing native plugins compatible for Editor in 1.63 ms, found 4 plugins.
Preloading 0 native plugins for Editor in 0.00 ms.
Unloading 4047 Unused Serialized files (Serialized files now loaded: 0)
Unloading 25 unused Assets / (24.7 KB). Loaded Objects now: 4573.
Memory consumption went from 155.9 MB to 155.9 MB.
Total: 2.886600 ms (FindLiveObjects: 0.226400 ms CreateObjectMapping: 0.144700 ms MarkObjects: 2.500800 ms  DeleteObjects: 0.014000 ms)

AssetImportParameters requested are different than current active one (requested -> active):
  custom:video-decoder-ogg-theora: a1e56fd34408186e4bbccfd4996cb3dc -> 
  custom:container-muxer-webm: aa71ff27fc2769a1b78a27578f13a17b -> 
  custom:container-demuxer-webm: 4f35f7cbe854078d1ac9338744f61a02 -> 
  custom:video-encoder-webm-vp8: eb34c28f22e8b96e1ab97ce403110664 -> 
  custom:audio-encoder-webm-vorbis: bf7c407c2cedff20999df2af8eb42d56 -> 
  custom:framework-win-MediaFoundation: 216162199b28c13a410421893ffa2e32 -> 
  custom:container-demuxer-ogg: 62fdf1f143b41e24485cea50d1cbac27 -> 
  custom:video-decoder-webm-vp8: 9c59270c3fd7afecdb556c50c9e8de78 -> 
  custom:audio-decoder-ogg-vorbis: bf7c407c2cedff20999df2af8eb42d56 -> 
